# JRE version: OpenJDK Runtime Environment Temurin-17.0.8.1+1 (17.0.8.1+1) (build 17.0.8.1+1)
# Java VM: OpenJDK 64-Bit Server VM Temurin-17.0.8.1+1 (17.0.8.1+1, mixed mode, emulated-client, tiered, compressed oops, compressed class ptrs, g1 gc, windows-amd64)
GC Precious Log:
 CPUs: 8 total, 8 available
 Memory: 16248M
 Large Page Support: Disabled
 NUMA Support: Disabled
 Compressed Oops: Enabled (32-bit)
 Heap Region Size: 1M
 Heap Min Capacity: 8M
 Heap Initial Capacity: 254M
 Heap Max Capacity: 1G
 Pre-touch: Disabled
 Parallel Workers: 8
 Concurrent Workers: 2
 Concurrent Refinement Workers: 8
 Periodic GC: Disabled
Heap:
 garbage-first heap   total 112640K, used 33553K [0x00000000c0000000, 0x0000000100000000)
  region size 1024K, 1 young (1024K), 0 survivors (0K)
 Metaspace       used 59390K, committed 60160K, reserved 1114112K
  class space    used 7379K, committed 7680K, reserved 1048576K
GC Heap History (20 events):
Event: 172422.661 GC heap before
{Heap before GC invocations=4141 (full 4104):
 garbage-first heap   total 112640K, used 33553K [0x00000000c0000000, 0x0000000100000000)
  region size 1024K, 1 young (1024K), 0 survivors (0K)
 Metaspace       used 59390K, committed 60160K, reserved 1114112K
  class space    used 7379K, committed 7680K, reserved 1048576K
}
Event: 172422.693 GC heap after
{Heap after GC invocations=4142 (full 4105):
 garbage-first heap   total 112640K, used 33553K [0x00000000c0000000, 0x0000000100000000)
  region size 1024K, 0 young (0K), 0 survivors (0K)
 Metaspace       used 59390K, committed 60160K, reserved 1114112K
  class space    used 7379K, committed 7680K, reserved 1048576K
}
Event: 172432.800 GC heap before
{Heap before GC invocations=4142 (full 4105):
 garbage-first heap   total 112640K, used 33553K [0x00000000c0000000, 0x0000000100000000)
  region size 1024K, 1 young (1024K), 0 survivors (0K)
 Metaspace       used 59390K, committed 60160K, reserved 1114112K
  class space    used 7379K, committed 7680K, reserved 1048576K
}
Event: 172432.838 GC heap after
{Heap after GC invocations=4143 (full 4106):
 garbage-first heap   total 112640K, used 33553K [0x00000000c0000000, 0x0000000100000000)
  region size 1024K, 0 young (0K), 0 survivors (0K)
 Metaspace       used 59390K, committed 60160K, reserved 1114112K
  class space    used 7379K, committed 7680K, reserved 1048576K
}
Event: 172442.969 GC heap before
{Heap before GC invocations=4143 (full 4106):
 garbage-first heap   total 112640K, used 33553K [0x00000000c0000000, 0x0000000100000000)
  region size 1024K, 1 young (1024K), 0 survivors (0K)
 Metaspace       used 59390K, committed 60160K, reserved 1114112K
  class space    used 7379K, committed 7680K, reserved 1048576K
}
Event: 172443.003 GC heap after
{Heap after GC invocations=4144 (full 4107):
 garbage-first heap   total 112640K, used 33553K [0x00000000c0000000, 0x0000000100000000)
  region size 1024K, 0 young (0K), 0 survivors (0K)
 Metaspace       used 59390K, committed 60160K, reserved 1114112K
  class space    used 7379K, committed 7680K, reserved 1048576K
}
Event: 172453.122 GC heap before
{Heap before GC invocations=4144 (full 4107):
 garbage-first heap   total 112640K, used 33553K [0x00000000c0000000, 0x0000000100000000)
  region size 1024K, 1 young (1024K), 0 survivors (0K)
 Metaspace       used 59390K, committed 60160K, reserved 1114112K
  class space    used 7379K, committed 7680K, reserved 1048576K
}
Event: 172453.155 GC heap after
{Heap after GC invocations=4145 (full 4108):
 garbage-first heap   total 112640K, used 33553K [0x00000000c0000000, 0x0000000100000000)
  region size 1024K, 0 young (0K), 0 survivors (0K)
 Metaspace       used 59390K, committed 60160K, reserved 1114112K
  class space    used 7379K, committed 7680K, reserved 1048576K
}
Event: 172463.286 GC heap before
{Heap before GC invocations=4145 (full 4108):
 garbage-first heap   total 112640K, used 33553K [0x00000000c0000000, 0x0000000100000000)
  region size 1024K, 1 young (1024K), 0 survivors (0K)
 Metaspace       used 59390K, committed 60160K, reserved 1114112K
  class space    used 7379K, committed 7680K, reserved 1048576K
}
Event: 172463.317 GC heap after
{Heap after GC invocations=4146 (full 4109):
 garbage-first heap   total 112640K, used 33553K [0x00000000c0000000, 0x0000000100000000)
  region size 1024K, 0 young (0K), 0 survivors (0K)
 Metaspace       used 59390K, committed 60160K, reserved 1114112K
  class space    used 7379K, committed 7680K, reserved 1048576K
}
Event: 172473.427 GC heap before
{Heap before GC invocations=4146 (full 4109):
 garbage-first heap   total 112640K, used 33553K [0x00000000c0000000, 0x0000000100000000)
  region size 1024K, 1 young (1024K), 0 survivors (0K)
 Metaspace       used 59390K, committed 60160K, reserved 1114112K
  class space    used 7379K, committed 7680K, reserved 1048576K
}
Event: 172473.465 GC heap after
{Heap after GC invocations=4147 (full 4110):
 garbage-first heap   total 112640K, used 33553K [0x00000000c0000000, 0x0000000100000000)
  region size 1024K, 0 young (0K), 0 survivors (0K)
 Metaspace       used 59390K, committed 60160K, reserved 1114112K
  class space    used 7379K, committed 7680K, reserved 1048576K
}
Event: 172483.595 GC heap before
{Heap before GC invocations=4147 (full 4110):
 garbage-first heap   total 112640K, used 33553K [0x00000000c0000000, 0x0000000100000000)
  region size 1024K, 1 young (1024K), 0 survivors (0K)
 Metaspace       used 59390K, committed 60160K, reserved 1114112K
  class space    used 7379K, committed 7680K, reserved 1048576K
}
Event: 172483.628 GC heap after
{Heap after GC invocations=4148 (full 4111):
 garbage-first heap   total 112640K, used 33553K [0x00000000c0000000, 0x0000000100000000)
  region size 1024K, 0 young (0K), 0 survivors (0K)
 Metaspace       used 59390K, committed 60160K, reserved 1114112K
  class space    used 7379K, committed 7680K, reserved 1048576K
}
Event: 172493.762 GC heap before
{Heap before GC invocations=4148 (full 4111):
 garbage-first heap   total 112640K, used 33553K [0x00000000c0000000, 0x0000000100000000)
  region size 1024K, 1 young (1024K), 0 survivors (0K)
 Metaspace       used 59390K, committed 60160K, reserved 1114112K
  class space    used 7379K, committed 7680K, reserved 1048576K
}
Event: 172493.799 GC heap after
{Heap after GC invocations=4149 (full 4112):
 garbage-first heap   total 112640K, used 33553K [0x00000000c0000000, 0x0000000100000000)
  region size 1024K, 0 young (0K), 0 survivors (0K)
 Metaspace       used 59390K, committed 60160K, reserved 1114112K
  class space    used 7379K, committed 7680K, reserved 1048576K
}
Event: 172503.931 GC heap before
{Heap before GC invocations=4149 (full 4112):
 garbage-first heap   total 112640K, used 33553K [0x00000000c0000000, 0x0000000100000000)
  region size 1024K, 1 young (1024K), 0 survivors (0K)
 Metaspace       used 59390K, committed 60160K, reserved 1114112K
  class space    used 7379K, committed 7680K, reserved 1048576K
}
Event: 172503.965 GC heap after
{Heap after GC invocations=4150 (full 4113):
 garbage-first heap   total 112640K, used 33553K [0x00000000c0000000, 0x0000000100000000)
  region size 1024K, 0 young (0K), 0 survivors (0K)
 Metaspace       used 59390K, committed 60160K, reserved 1114112K
  class space    used 7379K, committed 7680K, reserved 1048576K
}
Event: 172514.102 GC heap before
{Heap before GC invocations=4150 (full 4113):
 garbage-first heap   total 112640K, used 33553K [0x00000000c0000000, 0x0000000100000000)
  region size 1024K, 1 young (1024K), 0 survivors (0K)
 Metaspace       used 59390K, committed 60160K, reserved 1114112K
  class space    used 7379K, committed 7680K, reserved 1048576K
}
Event: 172514.141 GC heap after
{Heap after GC invocations=4151 (full 4114):
 garbage-first heap   total 112640K, used 33553K [0x00000000c0000000, 0x0000000100000000)
  region size 1024K, 0 young (0K), 0 survivors (0K)
 Metaspace       used 59390K, committed 60160K, reserved 1114112K
  class space    used 7379K, committed 7680K, reserved 1048576K
}

